Using pre-set license
Built from '2020.3/release' branch; Version is '2020.3.7f1 (dd97f2c94397) revision 14522354'; Using compiler version '192528614'; Build Type 'Release'
OS: 'Windows 10 Home; OS build 19042.985; Version 2009; 64bit' Language: 'it' Physical Memory: 7960 MB
BatchMode: 1, IsHumanControllingUs: 0, StartBugReporterOnCrash: 0, Is64bit: 1, IsPro: 0

 COMMAND LINE ARGUMENTS:
C:\Program Files\Unity\Hub\Editor\2020.3.7f1\Editor\Unity.exe
-adb2
-batchMode
-noUpm
-name
AssetImportWorker0
-projectPath
C:/Users/gmarc/OneDrive/Documenti/GitHub/Monopoli_Covid-19_edition/Monopoli_Covid-19_edition
-logFile
Logs/AssetImportWorker0.log
-srvPort
54922
Successfully changed project path to: C:/Users/gmarc/OneDrive/Documenti/GitHub/Monopoli_Covid-19_edition/Monopoli_Covid-19_edition
C:/Users/gmarc/OneDrive/Documenti/GitHub/Monopoli_Covid-19_edition/Monopoli_Covid-19_edition
Using Asset Import Pipeline V2.
Refreshing native plugins compatible for Editor in 38.84 ms, found 1 plugins.
Preloading 0 native plugins for Editor in 0.00 ms.
Initialize engine version: 2020.3.7f1 (dd97f2c94397)
[Subsystems] Discovering subsystems at path C:/Program Files/Unity/Hub/Editor/2020.3.7f1/Editor/Data/Resources/UnitySubsystems
[Subsystems] Discovering subsystems at path C:/Users/gmarc/OneDrive/Documenti/GitHub/Monopoli_Covid-19_edition/Monopoli_Covid-19_edition/Assets
GfxDevice: creating device client; threaded=0
Direct3D:
    Version:  Direct3D 11.0 [level 11.1]
    Renderer: Intel(R) UHD Graphics (ID=0x8a56)
    Vendor:   
    VRAM:     3980 MB
    Driver:   27.20.100.9316
Initialize mono
Mono path[0] = 'C:/Program Files/Unity/Hub/Editor/2020.3.7f1/Editor/Data/Managed'
Mono path[1] = 'C:/Program Files/Unity/Hub/Editor/2020.3.7f1/Editor/Data/MonoBleedingEdge/lib/mono/unityjit'
Mono config path = 'C:/Program Files/Unity/Hub/Editor/2020.3.7f1/Editor/Data/MonoBleedingEdge/etc'
Using monoOptions --debugger-agent=transport=dt_socket,embedding=1,server=y,suspend=n,address=127.0.0.1:56064
Begin MonoManager ReloadAssembly
Registering precompiled unity dll's ...
Register platform support module: C:/Program Files/Unity/Hub/Editor/2020.3.7f1/Editor/Data/PlaybackEngines/WindowsStandaloneSupport/UnityEditor.WindowsStandalone.Extensions.dll
Registered in 0.002156 seconds.
Native extension for WindowsStandalone target not found
Refreshing native plugins compatible for Editor in 58.53 ms, found 1 plugins.
Preloading 0 native plugins for Editor in 0.00 ms.
Mono: successfully reloaded assembly
- Completed reload, in  1.460 seconds
Platform modules already initialized, skipping
Registering precompiled user dll's ...
Registered in 0.000932 seconds.
Begin MonoManager ReloadAssembly
Native extension for WindowsStandalone target not found
Refreshing native plugins compatible for Editor in 58.71 ms, found 1 plugins.
Preloading 0 native plugins for Editor in 0.00 ms.
Mono: successfully reloaded assembly
- Completed reload, in  1.259 seconds
Platform modules already initialized, skipping
========================================================================
Worker process is ready to serve import requests
Launched and connected shader compiler UnityShaderCompiler.exe after 0.04 seconds
Refreshing native plugins compatible for Editor in 0.36 ms, found 1 plugins.
Preloading 0 native plugins for Editor in 0.00 ms.
Unloading 1821 Unused Serialized files (Serialized files now loaded: 0)
System memory in use before: 85.9 MB.
System memory in use after: 85.9 MB.

Unloading 24 unused Assets to reduce memory usage. Loaded Objects now: 2264.
Total: 2.760400 ms (FindLiveObjects: 0.307300 ms CreateObjectMapping: 0.125100 ms MarkObjects: 2.189700 ms  DeleteObjects: 0.136500 ms)

========================================================================
Received Import Request.
  path: Assets/Code/Utente.cs
  artifactKey: Guid(72cb5ee7f74e91141be9dc98b34a9b70) Importer(815301076,1909f56bfc062723c751e8b465ee728b)
Start importing Assets/Code/Utente.cs using Guid(72cb5ee7f74e91141be9dc98b34a9b70) Importer(815301076,1909f56bfc062723c751e8b465ee728b)  -> (artifact id: 'd23665fac60252aba9990cad36d92934') in 0.029470 seconds
  Import took 0.033002 seconds .

========================================================================
Received Prepare
Registering precompiled user dll's ...
Registered in 0.001217 seconds.
Begin MonoManager ReloadAssembly
Native extension for WindowsStandalone target not found
Refreshing native plugins compatible for Editor in 0.46 ms, found 1 plugins.
Preloading 0 native plugins for Editor in 0.00 ms.
Mono: successfully reloaded assembly
- Completed reload, in  0.887 seconds
Platform modules already initialized, skipping
Refreshing native plugins compatible for Editor in 0.36 ms, found 1 plugins.
Preloading 0 native plugins for Editor in 0.00 ms.
Unloading 1816 Unused Serialized files (Serialized files now loaded: 0)
System memory in use before: 85.9 MB.
System memory in use after: 85.9 MB.

Unloading 12 unused Assets to reduce memory usage. Loaded Objects now: 2268.
Total: 1.825900 ms (FindLiveObjects: 0.172800 ms CreateObjectMapping: 0.078300 ms MarkObjects: 1.460900 ms  DeleteObjects: 0.112600 ms)

========================================================================
Received Import Request.
  Time since last request: 15.651827 seconds.
  path: Assets/Code/Utente.cs
  artifactKey: Guid(72cb5ee7f74e91141be9dc98b34a9b70) Importer(815301076,1909f56bfc062723c751e8b465ee728b)
Start importing Assets/Code/Utente.cs using Guid(72cb5ee7f74e91141be9dc98b34a9b70) Importer(815301076,1909f56bfc062723c751e8b465ee728b)  -> (artifact id: 'e2181c7f882b949afa230b243f722173') in 0.004497 seconds
  Import took 0.007275 seconds .

========================================================================
Received Prepare
Registering precompiled user dll's ...
Registered in 0.000764 seconds.
Begin MonoManager ReloadAssembly
Native extension for WindowsStandalone target not found
Refreshing native plugins compatible for Editor in 0.29 ms, found 1 plugins.
Preloading 0 native plugins for Editor in 0.00 ms.
Mono: successfully reloaded assembly
- Completed reload, in  0.755 seconds
Platform modules already initialized, skipping
Refreshing native plugins compatible for Editor in 0.34 ms, found 1 plugins.
Preloading 0 native plugins for Editor in 0.00 ms.
Unloading 1816 Unused Serialized files (Serialized files now loaded: 0)
System memory in use before: 85.9 MB.
System memory in use after: 85.9 MB.

Unloading 12 unused Assets to reduce memory usage. Loaded Objects now: 2272.
Total: 2.282700 ms (FindLiveObjects: 0.184700 ms CreateObjectMapping: 0.071800 ms MarkObjects: 1.924400 ms  DeleteObjects: 0.100500 ms)

========================================================================
Received Import Request.
  Time since last request: 57.702813 seconds.
  path: Assets/Scenes/Menù 2.unity
  artifactKey: Guid(a181b508749e17b42861aa5f980e1eb8) Importer(815301076,1909f56bfc062723c751e8b465ee728b)
Start importing Assets/Scenes/Menù 2.unity using Guid(a181b508749e17b42861aa5f980e1eb8) Importer(815301076,1909f56bfc062723c751e8b465ee728b)  -> (artifact id: '1c3b451c22bdbf747246e810df4f7389') in 0.053179 seconds
  Import took 0.056206 seconds .

========================================================================
Received Import Request.
  Time since last request: 1.105851 seconds.
  path: Assets/Scenes/Login.unity
  artifactKey: Guid(bb5b40396303db24f925a50f9c8a5269) Importer(815301076,1909f56bfc062723c751e8b465ee728b)
Start importing Assets/Scenes/Login.unity using Guid(bb5b40396303db24f925a50f9c8a5269) Importer(815301076,1909f56bfc062723c751e8b465ee728b)  -> (artifact id: '87f4995a7615321da9ed5d20591d1b26') in 0.009460 seconds
  Import took 0.013123 seconds .

========================================================================
Received Import Request.
  Time since last request: 15.978260 seconds.
  path: Packages/com.unity.mathematics
  artifactKey: Guid(795e97ad99e2f6ffd2060ae1983b6f25) Importer(815301076,1909f56bfc062723c751e8b465ee728b)
Start importing Packages/com.unity.mathematics using Guid(795e97ad99e2f6ffd2060ae1983b6f25) Importer(815301076,1909f56bfc062723c751e8b465ee728b)  -> (artifact id: 'cf2bf3da86aaeace146a518720a46b9d') in 0.007510 seconds
  Import took 0.010808 seconds .

========================================================================
Received Import Request.
  Time since last request: 0.012880 seconds.
  path: Packages/com.unity.mathematics
  artifactKey: Guid(795e97ad99e2f6ffd2060ae1983b6f25) Importer(815301076,1909f56bfc062723c751e8b465ee728b)
Start importing Packages/com.unity.mathematics using Guid(795e97ad99e2f6ffd2060ae1983b6f25) Importer(815301076,1909f56bfc062723c751e8b465ee728b)  -> (artifact id: 'cf2bf3da86aaeace146a518720a46b9d') in 0.002747 seconds
  Import took 0.006437 seconds .

========================================================================
Received Import Request.
  Time since last request: 0.063468 seconds.
  path: Packages/com.unity.mathematics/package.json
  artifactKey: Guid(d34d0af25c21141a98c0cf3c0066444f) Importer(815301076,1909f56bfc062723c751e8b465ee728b)
Start importing Packages/com.unity.mathematics/package.json using Guid(d34d0af25c21141a98c0cf3c0066444f) Importer(815301076,1909f56bfc062723c751e8b465ee728b)  -> (artifact id: '1daa656bd95aca900d0d273a11c98837') in 0.020370 seconds
  Import took 0.023672 seconds .

========================================================================
Received Import Request.
  Time since last request: 4.084338 seconds.
  path: Assets/Kabel-Heavy.ttf
  artifactKey: Guid(f56d539a9cdda284f9110b5bdff1a4cb) Importer(815301076,1909f56bfc062723c751e8b465ee728b)
Start importing Assets/Kabel-Heavy.ttf using Guid(f56d539a9cdda284f9110b5bdff1a4cb) Importer(815301076,1909f56bfc062723c751e8b465ee728b)  -> (artifact id: '456702028e7ca5b4590e564f9b09518d') in 0.134999 seconds
  Import took 0.138431 seconds .

========================================================================
Received Prepare
Registering precompiled user dll's ...
Registered in 0.000844 seconds.
Begin MonoManager ReloadAssembly
Native extension for WindowsStandalone target not found
Refreshing native plugins compatible for Editor in 0.31 ms, found 1 plugins.
Preloading 0 native plugins for Editor in 0.00 ms.
Mono: successfully reloaded assembly
- Completed reload, in  0.834 seconds
Platform modules already initialized, skipping
Refreshing native plugins compatible for Editor in 0.31 ms, found 1 plugins.
Preloading 0 native plugins for Editor in 0.00 ms.
Unloading 1816 Unused Serialized files (Serialized files now loaded: 0)
System memory in use before: 89.3 MB.
System memory in use after: 89.3 MB.

Unloading 12 unused Assets to reduce memory usage. Loaded Objects now: 2320.
Total: 2.368700 ms (FindLiveObjects: 0.256700 ms CreateObjectMapping: 0.057900 ms MarkObjects: 1.884800 ms  DeleteObjects: 0.167600 ms)

========================================================================
Received Prepare
Registering precompiled user dll's ...
Registered in 0.000946 seconds.
Begin MonoManager ReloadAssembly
Native extension for WindowsStandalone target not found
Refreshing native plugins compatible for Editor in 0.30 ms, found 1 plugins.
Preloading 0 native plugins for Editor in 0.00 ms.
Mono: successfully reloaded assembly
- Completed reload, in  0.871 seconds
Platform modules already initialized, skipping
Refreshing native plugins compatible for Editor in 0.32 ms, found 1 plugins.
Preloading 0 native plugins for Editor in 0.00 ms.
Unloading 1816 Unused Serialized files (Serialized files now loaded: 0)
System memory in use before: 89.4 MB.
System memory in use after: 89.4 MB.

Unloading 12 unused Assets to reduce memory usage. Loaded Objects now: 2324.
Total: 2.541500 ms (FindLiveObjects: 0.220300 ms CreateObjectMapping: 0.089100 ms MarkObjects: 2.082700 ms  DeleteObjects: 0.147300 ms)

AssetImportWorkerClient::OnTransportError - code=2 error=End of file
