Using pre-set license
Built from '2020.3/release' branch; Version is '2020.3.2f1 (8fd9074bf66c) revision 9427207'; Using compiler version '192528614'; Build Type 'Release'
OS: 'Windows 10 Home; OS build 19042.928; Version 2009; 64bit' Language: 'it' Physical Memory: 7960 MB
BatchMode: 1, IsHumanControllingUs: 0, StartBugReporterOnCrash: 0, Is64bit: 1, IsPro: 0

 COMMAND LINE ARGUMENTS:
C:\Program Files\Unity\Hub\Editor\2020.3.2f1\Editor\Unity.exe
-adb2
-batchMode
-noUpm
-name
AssetImportWorker1
-projectPath
C:/Users/gmarc/OneDrive/Documenti/GitHub/Monopoli_Covid-19_edition/Monopoli_Covid-19_edition
-logFile
Logs/AssetImportWorker1.log
-srvPort
64989
Successfully changed project path to: C:/Users/gmarc/OneDrive/Documenti/GitHub/Monopoli_Covid-19_edition/Monopoli_Covid-19_edition
C:/Users/gmarc/OneDrive/Documenti/GitHub/Monopoli_Covid-19_edition/Monopoli_Covid-19_edition
Using Asset Import Pipeline V2.
Refreshing native plugins compatible for Editor in 133.48 ms, found 1 plugins.
Preloading 0 native plugins for Editor in 0.00 ms.
Initialize engine version: 2020.3.2f1 (8fd9074bf66c)
[Subsystems] Discovering subsystems at path C:/Program Files/Unity/Hub/Editor/2020.3.2f1/Editor/Data/Resources/UnitySubsystems
[Subsystems] Discovering subsystems at path C:/Users/gmarc/OneDrive/Documenti/GitHub/Monopoli_Covid-19_edition/Monopoli_Covid-19_edition/Assets
GfxDevice: creating device client; threaded=0
Direct3D:
    Version:  Direct3D 11.0 [level 11.1]
    Renderer: Intel(R) UHD Graphics (ID=0x8a56)
    Vendor:   
    VRAM:     3980 MB
    Driver:   27.20.100.9316
Initialize mono
Mono path[0] = 'C:/Program Files/Unity/Hub/Editor/2020.3.2f1/Editor/Data/Managed'
Mono path[1] = 'C:/Program Files/Unity/Hub/Editor/2020.3.2f1/Editor/Data/MonoBleedingEdge/lib/mono/unityjit'
Mono config path = 'C:/Program Files/Unity/Hub/Editor/2020.3.2f1/Editor/Data/MonoBleedingEdge/etc'
Using monoOptions --debugger-agent=transport=dt_socket,embedding=1,server=y,suspend=n,address=127.0.0.1:56556
Begin MonoManager ReloadAssembly
Registering precompiled unity dll's ...
Register platform support module: C:/Program Files/Unity/Hub/Editor/2020.3.2f1/Editor/Data/PlaybackEngines/WindowsStandaloneSupport/UnityEditor.WindowsStandalone.Extensions.dll
Registered in 0.002727 seconds.
Native extension for WindowsStandalone target not found
Refreshing native plugins compatible for Editor in 88.16 ms, found 1 plugins.
Preloading 0 native plugins for Editor in 0.00 ms.
Invoked RoslynAnalysisRunner static constructor.
RoslynAnalysisRunner will not be running.
RoslynAnalysisRunner has terminated.
Mono: successfully reloaded assembly
- Completed reload, in  4.916 seconds
Platform modules already initialized, skipping
Registering precompiled user dll's ...
Registered in 0.001622 seconds.
Begin MonoManager ReloadAssembly
Native extension for WindowsStandalone target not found
Refreshing native plugins compatible for Editor in 93.52 ms, found 1 plugins.
Preloading 0 native plugins for Editor in 0.00 ms.
Invoked RoslynAnalysisRunner static constructor.
RoslynAnalysisRunner will not be running.
RoslynAnalysisRunner has terminated.
Mono: successfully reloaded assembly
- Completed reload, in  2.553 seconds
Platform modules already initialized, skipping
========================================================================
Worker process is ready to serve import requests
Launched and connected shader compiler UnityShaderCompiler.exe after 0.11 seconds
Refreshing native plugins compatible for Editor in 0.72 ms, found 1 plugins.
Preloading 0 native plugins for Editor in 0.00 ms.
Unloading 1810 Unused Serialized files (Serialized files now loaded: 0)
System memory in use before: 85.7 MB.
System memory in use after: 85.6 MB.

Unloading 24 unused Assets to reduce memory usage. Loaded Objects now: 2253.
Total: 2.732400 ms (FindLiveObjects: 0.181900 ms CreateObjectMapping: 0.069700 ms MarkObjects: 2.262900 ms  DeleteObjects: 0.216200 ms)

========================================================================
Received Import Request.
  path: Assets/Scenes/Login.unity
  artifactKey: Guid(bb5b40396303db24f925a50f9c8a5269) Importer(815301076,1909f56bfc062723c751e8b465ee728b)
Start importing Assets/Scenes/Login.unity using Guid(bb5b40396303db24f925a50f9c8a5269) Importer(815301076,1909f56bfc062723c751e8b465ee728b)  -> (artifact id: 'b5fcf42bc4d630438d19ed09b0466996') in 0.057755 seconds
  Import took 0.066233 seconds .

========================================================================
Received Import Request.
  Time since last request: 114.389826 seconds.
  path: Assets/Code/Change_Input.cs
  artifactKey: Guid(556f475f023ed5f4cbf90c81ff22f270) Importer(815301076,1909f56bfc062723c751e8b465ee728b)
Start importing Assets/Code/Change_Input.cs using Guid(556f475f023ed5f4cbf90c81ff22f270) Importer(815301076,1909f56bfc062723c751e8b465ee728b)  -> (artifact id: '413002af0de92dbf6abcc54e883c84c0') in 0.811306 seconds
  Import took 0.900337 seconds .

